2025-02-07 11:15:00 | WARN | repo=ReinforcementCore | action=commit
2025-11-08 16:18:00 | INFO | repo=ReinforcementCore | action=edit | files=4
2025-06-04 21:01:00 | DEBUG | repo=ReinforcementCore | action=commit
2025-09-14 18:50:00 | WARN | repo=ReinforcementCore | action=edit | files=4
2025-12-28 13:17:00 | INFO | repo=ReinforcementCore | action=commit
2025-06-08 12:22:00 | DEBUG | repo=ReinforcementCore | action=pull
2025-07-03 07:58:00 | INFO | repo=ReinforcementCore | action=commit
2025-08-11 07:43:00 | WARN | repo=ReinforcementCore | action=commit
2025-08-03 11:44:00 | WARN | repo=ReinforcementCore | action=commit
2025-06-11 18:21:00 | WARN | repo=ReinforcementCore | action=commit
2025-09-03 17:53:00 | DEBUG | repo=ReinforcementCore | action=test | passed=true
2025-04-09 07:41:00 | INFO | repo=ReinforcementCore | action=commit
2025-02-11 16:22:00 | DEBUG | repo=ReinforcementCore | action=commit
2025-03-26 21:34:00 | DEBUG | repo=ReinforcementCore | action=commit
2025-01-28 17:16:00 | WARN | repo=ReinforcementCore | action=commit
2025-11-21T12:44:00 | nonce=6011909737409167108
2025-02-12T09:39:00 | nonce=3896333798955781179
2025-02-06T15:14:00 | nonce=10455405089224716362
2025-11-16T16:51:00 | nonce=3839016026450136363
2025-06-22T11:55:00 | nonce=6182578851050329542
2025-05-16T19:27:00 | nonce=6017431354914080297
2025-06-21T18:24:00 | nonce=12089809226690574860
2025-03-27T14:18:00 | nonce=11469351952679215718
